2019-11-13 18:14:04,046 - root - INFO - parameters: [2; 3; 3; 3; 3]
2019-11-13 18:14:04,048 - root - INFO - 48 locations found
2019-11-13 18:14:04,048 - root - INFO - /Hotels-g2600506-Adrar_Province-Hotels.html?m=27216
2019-11-13 18:14:04,056 - root - INFO - [worker 3] shutting down
2019-11-13 18:14:04,056 - root - INFO - [worker 2] shutting down
2019-11-13 18:14:04,057 - root - INFO - [worker 1] shutting down
2019-11-13 18:14:04,057 - root - INFO - all review ids are ready
2019-11-13 18:14:04,057 - root - INFO - /Hotels-g2601017-Chlef_Province-Hotels.html?m=27216
2019-11-13 18:14:04,059 - root - INFO - [worker 3] shutting down
2019-11-13 18:14:04,060 - root - INFO - [worker 2] shutting down
2019-11-13 18:14:04,060 - root - INFO - [worker 1] shutting down
2019-11-13 18:14:04,060 - root - INFO - all review ids are ready
2019-11-13 18:14:04,061 - root - INFO - /Hotels-g2602223-Laghouat_Province-Hotels.html?m=27216
2019-11-13 18:14:04,063 - root - INFO - [worker 1] shutting down
2019-11-13 18:14:04,063 - root - INFO - [worker 2] shutting down
2019-11-13 18:14:04,064 - root - INFO - [worker 3] shutting down
2019-11-13 18:14:04,064 - root - INFO - all review ids are ready
2019-11-13 18:14:04,065 - root - INFO - /Hotels-g2602372-Oum_El_Bouaghi_Province-Hotels.html?m=27216
2019-11-13 18:14:04,067 - root - INFO - [worker 2] shutting down
2019-11-13 18:14:04,067 - root - INFO - [worker 1] shutting down
2019-11-13 18:14:04,068 - root - INFO - [worker 3] shutting down
2019-11-13 18:14:04,068 - root - INFO - all review ids are ready
2019-11-13 18:14:04,068 - root - INFO - /Hotels-g2600717-Batna_Province-Hotels.html?m=27216
2019-11-13 18:14:04,070 - root - INFO - [worker 2] shutting down
2019-11-13 18:14:04,071 - root - INFO - [worker 3] shutting down
2019-11-13 18:14:04,071 - root - INFO - [worker 1] shutting down
2019-11-13 18:14:04,071 - root - INFO - all review ids are ready
2019-11-13 18:14:04,072 - root - INFO - /Hotels-g2600752-Bejaia_Province-Hotels.html?m=27216
2019-11-13 18:14:04,074 - root - INFO - [worker 2] shutting down
2019-11-13 18:14:04,074 - root - INFO - [worker 1] shutting down
2019-11-13 18:14:04,075 - root - INFO - [worker 3] shutting down
2019-11-13 18:14:04,075 - root - INFO - all review ids are ready
2019-11-13 18:14:04,075 - root - INFO - /Hotels-g2600809-Biskra_Province-Hotels.html?m=27216
2019-11-13 18:14:04,077 - root - INFO - [worker 2] shutting down
2019-11-13 18:14:04,077 - root - INFO - [worker 1] shutting down
2019-11-13 18:14:04,078 - root - INFO - [worker 3] shutting down
2019-11-13 18:14:04,078 - root - INFO - all review ids are ready
2019-11-13 18:14:04,079 - root - INFO - /Hotels-g1071599-Bechar_Province-Hotels.html?m=27216
2019-11-13 18:14:04,081 - root - INFO - [worker 2] shutting down
2019-11-13 18:14:04,081 - root - INFO - [worker 1] shutting down
2019-11-13 18:14:04,082 - root - INFO - [worker 3] shutting down
2019-11-13 18:14:04,082 - root - INFO - all review ids are ready
2019-11-13 18:14:04,082 - root - INFO - /Hotels-g2600822-Blida_Province-Hotels.html?m=27216
2019-11-13 18:14:04,084 - root - INFO - [worker 2] shutting down
2019-11-13 18:14:04,084 - root - INFO - [worker 1] shutting down
2019-11-13 18:14:04,085 - root - INFO - [worker 3] shutting down
2019-11-13 18:14:04,086 - root - INFO - all review ids are ready
2019-11-13 18:14:04,086 - root - INFO - /Hotels-g2600903-Bouira_Province-Hotels.html?m=27216
2019-11-13 18:14:04,088 - root - INFO - [worker 1] shutting down
2019-11-13 18:14:04,088 - root - INFO - [worker 2] shutting down
2019-11-13 18:14:04,089 - root - INFO - [worker 3] shutting down
2019-11-13 18:14:04,090 - root - INFO - all review ids are ready
2019-11-13 18:14:04,090 - root - INFO - /Hotels-g2602542-Tamanrasset_Province-Hotels.html?m=27216
2019-11-13 18:14:04,092 - root - INFO - [worker 2] shutting down
2019-11-13 18:14:04,093 - root - INFO - [worker 1] shutting down
2019-11-13 18:14:04,093 - root - INFO - [worker 3] shutting down
2019-11-13 18:14:04,094 - root - INFO - all review ids are ready
2019-11-13 18:14:04,094 - root - INFO - /Hotels-g2602551-Tebessa_Province-Hotels.html?m=27216
2019-11-13 18:14:04,095 - root - INFO - [worker 2] shutting down
2019-11-13 18:14:04,096 - root - INFO - [worker 3] shutting down
2019-11-13 18:14:04,095 - root - INFO - [worker 1] shutting down
2019-11-13 18:14:04,097 - root - INFO - all review ids are ready
2019-11-13 18:14:04,097 - root - INFO - /Hotels-g734462-Tlemcen_Tlemcen_Province-Hotels.html?m=27216
2019-11-13 18:14:04,099 - root - INFO - [worker 3] shutting down
2019-11-13 18:14:04,099 - root - INFO - [worker 2] shutting down
2019-11-13 18:14:04,099 - root - INFO - [worker 1] shutting down
2019-11-13 18:14:04,100 - root - INFO - all review ids are ready
2019-11-13 18:14:04,100 - root - INFO - /Hotels-g2602563-Tiaret_Province-Hotels.html?m=27216
2019-11-13 18:14:04,102 - root - INFO - [worker 2] shutting down
2019-11-13 18:14:04,103 - root - INFO - [worker 1] shutting down
2019-11-13 18:14:04,103 - root - INFO - [worker 3] shutting down
2019-11-13 18:14:04,103 - root - INFO - all review ids are ready
2019-11-13 18:14:04,104 - root - INFO - /Hotels-g2602617-Tizi_Ouzou_Province-Hotels.html?m=27216
2019-11-13 18:14:04,106 - root - INFO - [worker 2] shutting down
2019-11-13 18:14:04,106 - root - INFO - [worker 1] shutting down
2019-11-13 18:14:04,106 - root - INFO - [worker 3] shutting down
2019-11-13 18:14:04,107 - root - INFO - all review ids are ready
2019-11-13 18:14:04,107 - root - INFO - /Hotels-g293718-Algiers_Algiers_Province-Hotels.html?m=27216
2019-11-13 18:14:04,109 - root - INFO - [worker 1] shutting down
2019-11-13 18:14:04,109 - root - INFO - [worker 3] shutting down
2019-11-13 18:14:04,110 - root - INFO - [worker 2] shutting down
2019-11-13 18:14:04,110 - root - INFO - all review ids are ready
2019-11-13 18:14:04,110 - root - INFO - /Hotels-g2602043-Djelfa_Province-Hotels.html?m=27216
2019-11-13 18:14:04,112 - root - INFO - [worker 2] shutting down
2019-11-13 18:14:04,113 - root - INFO - [worker 1] shutting down
2019-11-13 18:14:04,114 - root - INFO - [worker 3] shutting down
2019-11-13 18:14:04,114 - root - INFO - all review ids are ready
2019-11-13 18:14:04,114 - root - INFO - /Hotels-g2602192-Jijel_Province-Hotels.html?m=27216
2019-11-13 18:14:04,116 - root - INFO - [worker 1] shutting down
2019-11-13 18:14:04,117 - root - INFO - [worker 2] shutting down
2019-11-13 18:14:04,117 - root - INFO - [worker 3] shutting down
2019-11-13 18:14:04,118 - root - INFO - all review ids are ready
2019-11-13 18:14:04,118 - root - INFO - /Hotels-g2602426-Setif_Province-Hotels.html?m=27216
2019-11-13 18:14:04,120 - root - INFO - [worker 1] shutting down
2019-11-13 18:14:04,121 - root - INFO - [worker 3] shutting down
2019-11-13 18:14:04,121 - root - INFO - [worker 2] shutting down
2019-11-13 18:14:04,121 - root - INFO - all review ids are ready
2019-11-13 18:14:04,121 - root - INFO - /Hotels-g2602416-Saida_Province-Hotels.html?m=27216
2019-11-13 18:14:04,124 - root - INFO - [worker 2] shutting down
2019-11-13 18:14:04,124 - root - INFO - [worker 1] shutting down
2019-11-13 18:14:04,124 - root - INFO - [worker 3] shutting down
2019-11-13 18:14:04,125 - root - INFO - all review ids are ready
2019-11-13 18:14:04,125 - root - INFO - /Hotels-g2602492-Skikda_Province-Hotels.html?m=27216
2019-11-13 18:14:04,127 - root - INFO - [worker 2] shutting down
2019-11-13 18:14:04,128 - root - INFO - [worker 1] shutting down
2019-11-13 18:14:04,128 - root - INFO - [worker 3] shutting down
2019-11-13 18:14:04,129 - root - INFO - all review ids are ready
2019-11-13 18:14:04,129 - root - INFO - /Hotels-g2602468-Sidi_Bel_Abbas_Province-Hotels.html?m=27216
2019-11-13 18:14:04,131 - root - INFO - [worker 2] shutting down
2019-11-13 18:14:04,131 - root - INFO - [worker 1] shutting down
2019-11-13 18:14:04,131 - root - INFO - [worker 3] shutting down
2019-11-13 18:14:04,132 - root - INFO - all review ids are ready
2019-11-13 18:14:04,132 - root - INFO - /Hotels-g2600703-Annaba_Province-Hotels.html?m=27216
2019-11-13 18:14:04,134 - root - INFO - [worker 2] shutting down
2019-11-13 18:14:04,135 - root - INFO - [worker 1] shutting down
2019-11-13 18:14:04,135 - root - INFO - [worker 3] shutting down
2019-11-13 18:14:04,136 - root - INFO - all review ids are ready
2019-11-13 18:14:04,136 - root - INFO - /Hotels-g2602134-Guelma_Province-Hotels.html?m=27216
2019-11-13 18:14:04,138 - root - INFO - [worker 2] shutting down
2019-11-13 18:14:04,138 - root - INFO - [worker 1] shutting down
2019-11-13 18:14:04,138 - root - INFO - [worker 3] shutting down
2019-11-13 18:14:04,139 - root - INFO - all review ids are ready
2019-11-13 18:14:04,140 - root - INFO - /Hotels-g2602028-Constantine_Province-Hotels.html?m=27216
2019-11-13 18:14:04,143 - root - INFO - [worker 1] shutting down
2019-11-13 18:14:04,143 - root - INFO - [worker 2] shutting down
2019-11-13 18:14:04,144 - root - INFO - [worker 3] shutting down
2019-11-13 18:14:04,144 - root - INFO - all review ids are ready
2019-11-13 18:14:04,145 - root - INFO - /Hotels-g2602274-Medea_Province-Hotels.html?m=27216
2019-11-13 18:14:04,147 - root - INFO - [worker 2] shutting down
2019-11-13 18:14:04,148 - root - INFO - [worker 1] shutting down
2019-11-13 18:14:04,148 - root - INFO - [worker 3] shutting down
2019-11-13 18:14:04,148 - root - INFO - all review ids are ready
2019-11-13 18:14:04,149 - root - INFO - /Hotels-g2602303-Mostaganem_Province-Hotels.html?m=27216
2019-11-13 18:14:04,151 - root - INFO - [worker 2] shutting down
2019-11-13 18:14:04,151 - root - INFO - [worker 3] shutting down
2019-11-13 18:14:04,151 - root - INFO - [worker 1] shutting down
2019-11-13 18:14:04,152 - root - INFO - all review ids are ready
2019-11-13 18:14:04,152 - root - INFO - /Hotels-g2600886-M_Sila_Province-Hotels.html?m=27216
2019-11-13 18:14:04,154 - root - INFO - [worker 1] shutting down
2019-11-13 18:14:04,155 - root - INFO - [worker 2] shutting down
2019-11-13 18:14:04,155 - root - INFO - [worker 3] shutting down
2019-11-13 18:14:04,155 - root - INFO - all review ids are ready
2019-11-13 18:14:04,156 - root - INFO - /Hotels-g2602252-Mascara_Province-Hotels.html?m=27216
2019-11-13 18:14:04,157 - root - INFO - [worker 1] shutting down
2019-11-13 18:14:04,158 - root - INFO - [worker 2] shutting down
2019-11-13 18:14:04,158 - root - INFO - [worker 3] shutting down
2019-11-13 18:14:04,159 - root - INFO - all review ids are ready
2019-11-13 18:14:04,159 - root - INFO - /Hotels-g2602353-Ouargla_Province-Hotels.html?m=27216
2019-11-13 18:14:04,161 - root - INFO - [worker 3] shutting down
2019-11-13 18:14:04,161 - root - INFO - [worker 2] shutting down
2019-11-13 18:14:04,161 - root - INFO - [worker 1] shutting down
2019-11-13 18:14:04,162 - root - INFO - all review ids are ready
2019-11-13 18:14:04,162 - root - INFO - /Hotels-g2600638-Oran_Province-Hotels.html?m=27216
2019-11-13 18:14:04,163 - root - INFO - [worker 2] shutting down
2019-11-13 18:14:04,164 - root - INFO - [worker 1] shutting down
2019-11-13 18:14:04,164 - root - INFO - [worker 3] shutting down
2019-11-13 18:14:04,165 - root - INFO - all review ids are ready
2019-11-13 18:14:04,165 - root - INFO - /Hotels-g2602059-El_Bayadh_Province-Hotels.html?m=27216
2019-11-13 18:14:04,167 - root - INFO - [worker 1] shutting down
2019-11-13 18:14:04,167 - root - INFO - [worker 2] shutting down
2019-11-13 18:14:04,168 - root - INFO - [worker 3] shutting down
2019-11-13 18:14:04,168 - root - INFO - all review ids are ready
2019-11-13 18:14:04,168 - root - INFO - /Hotels-g2602163-Illizi_Province-Hotels.html?m=27216
2019-11-13 18:14:04,170 - root - INFO - [worker 2] shutting down
2019-11-13 18:14:04,171 - root - INFO - [worker 1] shutting down
2019-11-13 18:14:04,171 - root - INFO - [worker 3] shutting down
2019-11-13 18:14:04,172 - root - INFO - all review ids are ready
2019-11-13 18:14:04,172 - root - INFO - /Hotels-g2600842-Borj_Bou_Arreridj_Province-Hotels.html?m=27216
2019-11-13 18:14:04,174 - root - INFO - [worker 1] shutting down
2019-11-13 18:14:04,175 - root - INFO - [worker 2] shutting down
2019-11-13 18:14:04,176 - root - INFO - [worker 3] shutting down
2019-11-13 18:14:04,176 - root - INFO - all review ids are ready
2019-11-13 18:14:04,176 - root - INFO - /Hotels-g2600925-Boumerdes_Province-Hotels.html?m=27216
2019-11-13 18:14:04,178 - root - INFO - [worker 1] shutting down
2019-11-13 18:14:04,179 - root - INFO - [worker 2] shutting down
2019-11-13 18:14:04,180 - root - INFO - [worker 3] shutting down
2019-11-13 18:14:04,180 - root - INFO - all review ids are ready
2019-11-13 18:14:04,181 - root - INFO - /Hotels-g2602103-El_Tarf_Province-Hotels.html?m=27216
2019-11-13 18:14:04,183 - root - INFO - [worker 2] shutting down
2019-11-13 18:14:04,183 - root - INFO - [worker 1] shutting down
2019-11-13 18:14:04,183 - root - INFO - [worker 3] shutting down
2019-11-13 18:14:04,184 - root - INFO - all review ids are ready
2019-11-13 18:14:04,184 - root - INFO - /Hotels-g2602577-Tindouf_Province-Hotels.html?m=27216
2019-11-13 18:14:04,186 - root - INFO - [worker 2] shutting down
2019-11-13 18:14:04,186 - root - INFO - [worker 1] shutting down
2019-11-13 18:14:04,186 - root - INFO - [worker 3] shutting down
2019-11-13 18:14:04,187 - root - INFO - all review ids are ready
2019-11-13 18:14:04,187 - root - INFO - /Hotels-g2602605-Tissemsilt_Province-Hotels.html?m=27216
2019-11-13 18:14:04,190 - root - INFO - [worker 1] shutting down
2019-11-13 18:14:04,191 - root - INFO - [worker 2] shutting down
2019-11-13 18:14:04,191 - root - INFO - [worker 3] shutting down
2019-11-13 18:14:04,192 - root - INFO - all review ids are ready
2019-11-13 18:14:04,193 - root - INFO - /Hotels-g2602085-El_Oued_Province-Hotels.html?m=27216
2019-11-13 18:14:04,195 - root - INFO - [worker 2] shutting down
2019-11-13 18:14:04,195 - root - INFO - [worker 1] shutting down
2019-11-13 18:14:04,195 - root - INFO - [worker 3] shutting down
2019-11-13 18:14:04,197 - root - INFO - all review ids are ready
2019-11-13 18:14:04,197 - root - INFO - /Hotels-g2602203-Khenchela_Province-Hotels.html?m=27216
2019-11-13 18:14:04,201 - root - INFO - [worker 1] shutting down
2019-11-13 18:14:04,202 - root - INFO - [worker 2] shutting down
2019-11-13 18:14:04,203 - root - INFO - [worker 3] shutting down
2019-11-13 18:14:04,203 - root - INFO - all review ids are ready
2019-11-13 18:14:04,203 - root - INFO - /Hotels-g2602515-Souk_Ahras_Province-Hotels.html?m=27216
2019-11-13 18:14:04,205 - root - INFO - [worker 2] shutting down
2019-11-13 18:14:04,205 - root - INFO - [worker 1] shutting down
2019-11-13 18:14:04,206 - root - INFO - [worker 3] shutting down
2019-11-13 18:14:04,206 - root - INFO - all review ids are ready
2019-11-13 18:14:04,206 - root - INFO - /Hotels-g2602584-Tipasa_Province-Hotels.html?m=27216
2019-11-13 18:14:04,208 - root - INFO - [worker 1] shutting down
2019-11-13 18:14:04,208 - root - INFO - [worker 2] shutting down
2019-11-13 18:14:04,209 - root - INFO - [worker 3] shutting down
2019-11-13 18:14:04,210 - root - INFO - all review ids are ready
2019-11-13 18:14:04,210 - root - INFO - /Hotels-g2602286-Mila_Province-Hotels.html?m=27216
2019-11-13 18:14:04,212 - root - INFO - [worker 1] shutting down
2019-11-13 18:14:04,213 - root - INFO - [worker 2] shutting down
2019-11-13 18:14:04,213 - root - INFO - [worker 3] shutting down
2019-11-13 18:14:04,214 - root - INFO - all review ids are ready
2019-11-13 18:14:04,214 - root - INFO - /Hotels-g2600554-Ain_Defla_Province-Hotels.html?m=27216
2019-11-13 18:14:04,216 - root - INFO - [worker 2] shutting down
2019-11-13 18:14:04,216 - root - INFO - [worker 1] shutting down
2019-11-13 18:14:04,217 - root - INFO - [worker 3] shutting down
2019-11-13 18:14:04,217 - root - INFO - all review ids are ready
2019-11-13 18:14:04,217 - root - INFO - /Hotels-g2602313-Naama_Province-Hotels.html?m=27216
2019-11-13 18:14:04,219 - root - INFO - [worker 2] shutting down
2019-11-13 18:14:04,219 - root - INFO - [worker 3] shutting down
2019-11-13 18:14:04,219 - root - INFO - [worker 1] shutting down
2019-11-13 18:14:04,220 - root - INFO - all review ids are ready
2019-11-13 18:14:04,220 - root - INFO - /Hotels-g2600600-Ain_Temouchent_Province-Hotels.html?m=27216
2019-11-13 18:14:04,223 - root - INFO - [worker 2] shutting down
2019-11-13 18:14:04,223 - root - INFO - [worker 1] shutting down
2019-11-13 18:14:04,224 - root - INFO - [worker 3] shutting down
2019-11-13 18:14:04,224 - root - INFO - all review ids are ready
2019-11-13 18:14:04,224 - root - INFO - /Hotels-g1536382-Ghardaia_Province-Hotels.html?m=27216
2019-11-13 18:14:04,226 - root - INFO - [worker 1] shutting down
2019-11-13 18:14:04,227 - root - INFO - [worker 2] shutting down
2019-11-13 18:14:04,227 - root - INFO - [worker 3] shutting down
2019-11-13 18:14:04,227 - root - INFO - all review ids are ready
2019-11-13 18:14:04,228 - root - INFO - /Hotels-g2601054-Relizane_Province-Hotels.html?m=27216
2019-11-13 18:14:04,230 - root - INFO - [worker 1] shutting down
2019-11-13 18:14:04,230 - root - INFO - [worker 2] shutting down
2019-11-13 18:14:04,231 - root - INFO - [worker 3] shutting down
2019-11-13 18:14:04,231 - root - INFO - all review ids are ready
